<?xml version="1.0" encoding="UTF-8"?>
<!-- Generated by org.testng.reporters.JUnitReportReporter -->
<testsuite name="org.selenium.testng.Annotations" tests="2" time="0.020" ignored="0" failures="0" timestamp="14 Dec 2020 05:09:41 GMT" skipped="0" hostname="LAPTOP-1BS0KE5L" errors="0">
  <testcase name="ComposeMail" time="0.016" classname="org.selenium.testng.Annotations"/>
  <testcase name="countunreadMails" time="0.004" classname="org.selenium.testng.Annotations"/>
</testsuite> <!-- org.selenium.testng.Annotations -->
