<?xml version="1.0" encoding="UTF-8"?>
<!-- Generated by org.testng.reporters.JUnitReportReporter -->
<testsuite name="org.package1.Flipkart" tests="5" time="0.044" ignored="0" failures="0" timestamp="17 Dec 2020 11:45:51 GMT" skipped="0" hostname="LAPTOP-1BS0KE5L" errors="0">
  <testcase name="Payment" time="0.007" classname="org.package1.Flipkart"/>
  <testcase name="registeruser" time="0.008" classname="org.package1.Flipkart"/>
  <testcase name="selectProductandaddtocart" time="0.003" classname="org.package1.Flipkart"/>
  <testcase name="userlogin" time="0.003" classname="org.package1.Flipkart"/>
  <testcase name="Logout" time="0.023" classname="org.package1.Flipkart"/>
</testsuite> <!-- org.package1.Flipkart -->
