<?xml version="1.0" encoding="UTF-8"?>
<!-- Generated by org.testng.reporters.JUnitReportReporter -->
<testsuite name="org.package2.Amazon" tests="5" time="0.014" ignored="0" failures="0" timestamp="17 Dec 2020 11:45:51 GMT" skipped="0" hostname="LAPTOP-1BS0KE5L" errors="0">
  <testcase name="Payment" time="0.002" classname="org.package2.Amazon"/>
  <testcase name="selectProductandaddtocart" time="0.003" classname="org.package2.Amazon"/>
  <testcase name="userlogin" time="0.002" classname="org.package2.Amazon"/>
  <testcase name="registeruser" time="0.002" classname="org.package2.Amazon"/>
  <testcase name="Logout" time="0.005" classname="org.package2.Amazon"/>
</testsuite> <!-- org.package2.Amazon -->
